c:\users\diwakar\onedrive\desktop\pfm\simpleeq\pfm\simpleeq\x64\debug\shared code\include_juce_audio_processors.obj
c:\users\diwakar\onedrive\desktop\pfm\simpleeq\pfm\simpleeq\x64\debug\shared code\include_juce_gui_basics.obj
c:\users\diwakar\onedrive\desktop\pfm\simpleeq\pfm\simpleeq\x64\debug\shared code\include_juce_audio_basics.obj
c:\users\diwakar\onedrive\desktop\pfm\simpleeq\pfm\simpleeq\x64\debug\shared code\include_juce_audio_processors_ara.obj
c:\users\diwakar\onedrive\desktop\pfm\simpleeq\pfm\simpleeq\x64\debug\shared code\include_juce_audio_utils.obj
c:\users\diwakar\onedrive\desktop\pfm\simpleeq\pfm\simpleeq\x64\debug\shared code\plugineditor.obj
c:\users\diwakar\onedrive\desktop\pfm\simpleeq\pfm\simpleeq\x64\debug\shared code\include_juce_audio_formats.obj
c:\users\diwakar\onedrive\desktop\pfm\simpleeq\pfm\simpleeq\x64\debug\shared code\include_juce_events.obj
c:\users\diwakar\onedrive\desktop\pfm\simpleeq\pfm\simpleeq\x64\debug\shared code\pluginprocessor.obj
c:\users\diwakar\onedrive\desktop\pfm\simpleeq\pfm\simpleeq\x64\debug\shared code\include_juce_audio_plugin_client_ara.obj
c:\users\diwakar\onedrive\desktop\pfm\simpleeq\pfm\simpleeq\x64\debug\shared code\include_juce_audio_plugin_client_utils.obj
c:\users\diwakar\onedrive\desktop\pfm\simpleeq\pfm\simpleeq\x64\debug\shared code\include_juce_data_structures.obj
c:\users\diwakar\onedrive\desktop\pfm\simpleeq\pfm\simpleeq\x64\debug\shared code\include_juce_gui_extra.obj
c:\users\diwakar\onedrive\desktop\pfm\simpleeq\pfm\simpleeq\x64\debug\shared code\include_juce_audio_devices.obj
c:\users\diwakar\onedrive\desktop\pfm\simpleeq\pfm\simpleeq\x64\debug\shared code\include_juce_audio_processors_lv2_libs.obj
c:\users\diwakar\onedrive\desktop\pfm\simpleeq\pfm\simpleeq\x64\debug\shared code\include_juce_core.obj
c:\users\diwakar\onedrive\desktop\pfm\simpleeq\pfm\simpleeq\x64\debug\shared code\include_juce_graphics.obj
c:\users\diwakar\onedrive\desktop\pfm\simpleeq\pfm\simpleeq\x64\debug\shared code\simpleeq.pdb
c:\users\diwakar\onedrive\desktop\pfm\simpleeq\pfm\simpleeq\x64\debug\shared code\simpleeq.lib
c:\users\diwakar\onedrive\desktop\pfm\simpleeq\pfm\simpleeq\x64\debug\shared code\simpleeq.6c821f9c.tlog\cl.command.1.tlog
c:\users\diwakar\onedrive\desktop\pfm\simpleeq\pfm\simpleeq\x64\debug\shared code\simpleeq.6c821f9c.tlog\cl.read.1.tlog
c:\users\diwakar\onedrive\desktop\pfm\simpleeq\pfm\simpleeq\x64\debug\shared code\simpleeq.6c821f9c.tlog\cl.write.1.tlog
c:\users\diwakar\onedrive\desktop\pfm\simpleeq\pfm\simpleeq\x64\debug\shared code\simpleeq.6c821f9c.tlog\lib-link.read.1.tlog
c:\users\diwakar\onedrive\desktop\pfm\simpleeq\pfm\simpleeq\x64\debug\shared code\simpleeq.6c821f9c.tlog\lib-link.write.1.tlog
c:\users\diwakar\onedrive\desktop\pfm\simpleeq\pfm\simpleeq\x64\debug\shared code\simpleeq.6c821f9c.tlog\lib.command.1.tlog
